<?xml version="1.0" encoding="UTF-8"?>
<!-- Generated by org.testng.reporters.JUnitXMLReporter -->
<testsuite hostname="Tagrem-PC" ignored="0" name="Default test" tests="3" failures="0" timestamp="25 Jan 2017 08:44:02 GMT" time="2.581" errors="0">
  <testcase name="testloginpage" time="1.464" classname="testscript.PomTest"/>
  <testcase name="testHomePage" time="0.916" classname="testscript.PomTest"/>
  <testcase name="testForm" time="0.185" classname="testscript.PomTest"/>
</testsuite> <!-- Default test -->
